<?xml version="1.0" encoding="UTF-8"?>
<testng-results skipped="0" failed="0" ignored="0" total="1" passed="1">
  <reporter-output>
  </reporter-output>
  <suite name="Default suite" duration-ms="15543" started-at="2020-09-20T13:20:30 CDT" finished-at="2020-09-20T13:20:45 CDT">
    <groups>
    </groups>
    <test name="Default test" duration-ms="15543" started-at="2020-09-20T13:20:30 CDT" finished-at="2020-09-20T13:20:45 CDT">
      <class name="test.AddCustomerTest">
        <test-method status="PASS" signature="addCustomerlogIn()[pri:0, instance:test.AddCustomerTest@5b7a5baa]" name="addCustomerlogIn" duration-ms="15499" started-at="2020-09-20T13:20:30 CDT" finished-at="2020-09-20T13:20:45 CDT">
          <reporter-output>
          </reporter-output>
        </test-method> <!-- addCustomerlogIn -->
      </class> <!-- test.AddCustomerTest -->
    </test> <!-- Default test -->
  </suite> <!-- Default suite -->
</testng-results>
